Build started 20-Feb-12 10:39:45 PM.
     1>Project "C:\Users\Artur\Dropbox\just4study\GAM671_assignment1\othello\fwk4gps 2012\fwk4gps 2012.vcxproj" on node 2 (build target(s)).
     1>InitializeBuildStatus:
         Creating "Debug\Othello.unsuccessfulbuild" because "AlwaysCreate" was specified.
       ClCompile:
         C:\Program Files (x86)\Microsoft Visual Studio 10.0\VC\bin\CL.exe /c /ZI /nologo /W3 /WX- /Od /Oy- /D WIN32 /D _DEBUG /D _WINDOWS /D _UNICODE /D UNICODE /Gm /EHsc /RTC1 /MDd /GS /fp:precise /Zc:wchar_t /Zc:forScope /Fo"Debug\\" /Fd"Debug\vc100.pdb" /Gd /TP /analyze- /errorReport:prompt ashinkevich.cpp
         ashinkevich.cpp
     1>c:\users\artur\dropbox\just4study\gam671_assignment1\othello\fwk4gps 2012\ashinkevich.cpp(31): warning C4101: 'debugStr' : unreferenced local variable
     1>c:\users\artur\dropbox\just4study\gam671_assignment1\othello\fwk4gps 2012\ashinkevich.cpp(29): warning C4101: 'newboard' : unreferenced local variable
       ResourceCompile:
         All outputs are up-to-date.
       ManifestResourceCompile:
         All outputs are up-to-date.
       Link:
         C:\Program Files (x86)\Microsoft Visual Studio 10.0\VC\bin\link.exe /ERRORREPORT:PROMPT /OUT:"C:\Users\Artur\Dropbox\just4study\GAM671_assignment1\othello\Debug\Othello.exe" /INCREMENTAL /NOLOGO winmm.lib d3d9.lib d3dx9.lib dinput8.lib dsound.lib x3daudio.lib kernel32.lib user32.lib gdi32.lib winspool.lib comdlg32.lib advapi32.lib shell32.lib ole32.lib oleaut32.lib uuid.lib odbc32.lib odbccp32.lib /MANIFEST /ManifestFile:"Debug\Othello.exe.intermediate.manifest" /MANIFESTUAC:"level='asInvoker' uiAccess='false'" /DEBUG /PDB:"C:\Users\Artur\Dropbox\just4study\GAM671_assignment1\othello\Debug\Othello.pdb" /SUBSYSTEM:WINDOWS /TLBID:1 /DYNAMICBASE /NXCOMPAT /IMPLIB:"C:\Users\Artur\Dropbox\just4study\GAM671_assignment1\othello\Debug\Othello.lib" /MACHINE:X86 Debug\Dialog.res
         Debug\Othello.exe.embed.manifest.res
         Debug\APIBase.obj
         Debug\APIUserInput.obj
         Debug\APIGraphic.obj
         Debug\APILight.obj
         Debug\APISound.obj
         Debug\APIText.obj
         Debug\APITexture.obj
         Debug\Base.obj
         Debug\Camera.obj
         Debug\ashinkevich.obj
         Debug\Coordinator.obj
         Debug\Design.obj
         Debug\APIDisplay.obj
         Debug\Entry.obj
         Debug\Frame.obj
         Debug\Graphic.obj
         Debug\HUD.obj
         Debug\APIInputDevice.obj
         Debug\Light.obj
         Debug\Object.obj
         Debug\othello.obj
         Debug\othelloutils.obj
         Debug\p1.obj
         Debug\p2.obj
         Debug\Sound.obj
         Debug\APIAudio.obj
         Debug\Text.obj
         Debug\Texture.obj
         Debug\Utilities.obj
         Debug\APIWindow.obj
       Manifest:
         C:\Program Files (x86)\Microsoft SDKs\Windows\v7.0A\bin\mt.exe /nologo /verbose /out:"Debug\Othello.exe.embed.manifest" /manifest Debug\Othello.exe.intermediate.manifest
         All outputs are up-to-date.
       LinkEmbedManifest:
         All outputs are up-to-date.
         fwk4gps 2012.vcxproj -> C:\Users\Artur\Dropbox\just4study\GAM671_assignment1\othello\Debug\Othello.exe
       FinalizeBuildStatus:
         Deleting file "Debug\Othello.unsuccessfulbuild".
         Touching "Debug\Othello.lastbuildstate".
     1>Done Building Project "C:\Users\Artur\Dropbox\just4study\GAM671_assignment1\othello\fwk4gps 2012\fwk4gps 2012.vcxproj" (build target(s)).

Build succeeded.

Time Elapsed 00:00:00.89
