C:\USERS\ARTUR\DROPBOX\JUST4STUDY\GAM671_ASSIGNMENT1\OTHELLO\DEBUG\OTHELLO.EXE
C:\USERS\ARTUR\DROPBOX\JUST4STUDY\GAM671_ASSIGNMENT1\OTHELLO\DEBUG\OTHELLO.ILK
C:\USERS\ARTUR\DROPBOX\JUST4STUDY\GAM671_ASSIGNMENT1\OTHELLO\DEBUG\OTHELLO.PDB
C:\USERS\ARTUR\DROPBOX\JUST4STUDY\GAM671_ASSIGNMENT1\OTHELLO\FWK4GPS 2012\DEBUG\APIAUDIO.OBJ
C:\USERS\ARTUR\DROPBOX\JUST4STUDY\GAM671_ASSIGNMENT1\OTHELLO\FWK4GPS 2012\DEBUG\APIBASE.OBJ
C:\USERS\ARTUR\DROPBOX\JUST4STUDY\GAM671_ASSIGNMENT1\OTHELLO\FWK4GPS 2012\DEBUG\APIDISPLAY.OBJ
C:\USERS\ARTUR\DROPBOX\JUST4STUDY\GAM671_ASSIGNMENT1\OTHELLO\FWK4GPS 2012\DEBUG\APIGRAPHIC.OBJ
C:\USERS\ARTUR\DROPBOX\JUST4STUDY\GAM671_ASSIGNMENT1\OTHELLO\FWK4GPS 2012\DEBUG\APIINPUTDEVICE.OBJ
C:\USERS\ARTUR\DROPBOX\JUST4STUDY\GAM671_ASSIGNMENT1\OTHELLO\FWK4GPS 2012\DEBUG\APILIGHT.OBJ
C:\USERS\ARTUR\DROPBOX\JUST4STUDY\GAM671_ASSIGNMENT1\OTHELLO\FWK4GPS 2012\DEBUG\APISOUND.OBJ
C:\USERS\ARTUR\DROPBOX\JUST4STUDY\GAM671_ASSIGNMENT1\OTHELLO\FWK4GPS 2012\DEBUG\APITEXT.OBJ
C:\USERS\ARTUR\DROPBOX\JUST4STUDY\GAM671_ASSIGNMENT1\OTHELLO\FWK4GPS 2012\DEBUG\APITEXTURE.OBJ
C:\USERS\ARTUR\DROPBOX\JUST4STUDY\GAM671_ASSIGNMENT1\OTHELLO\FWK4GPS 2012\DEBUG\APIUSERINPUT.OBJ
C:\USERS\ARTUR\DROPBOX\JUST4STUDY\GAM671_ASSIGNMENT1\OTHELLO\FWK4GPS 2012\DEBUG\APIWINDOW.OBJ
C:\USERS\ARTUR\DROPBOX\JUST4STUDY\GAM671_ASSIGNMENT1\OTHELLO\FWK4GPS 2012\DEBUG\ASHINKEVICH.OBJ
C:\USERS\ARTUR\DROPBOX\JUST4STUDY\GAM671_ASSIGNMENT1\OTHELLO\FWK4GPS 2012\DEBUG\BASE.OBJ
C:\USERS\ARTUR\DROPBOX\JUST4STUDY\GAM671_ASSIGNMENT1\OTHELLO\FWK4GPS 2012\DEBUG\CAMERA.OBJ
C:\Users\Artur\Dropbox\just4study\GAM671_assignment1\othello\fwk4gps 2012\Debug\cl.command.1.tlog
C:\Users\Artur\Dropbox\just4study\GAM671_assignment1\othello\fwk4gps 2012\Debug\CL.read.1.tlog
C:\Users\Artur\Dropbox\just4study\GAM671_assignment1\othello\fwk4gps 2012\Debug\CL.write.1.tlog
C:\USERS\ARTUR\DROPBOX\JUST4STUDY\GAM671_ASSIGNMENT1\OTHELLO\FWK4GPS 2012\DEBUG\COORDINATOR.OBJ
C:\USERS\ARTUR\DROPBOX\JUST4STUDY\GAM671_ASSIGNMENT1\OTHELLO\FWK4GPS 2012\DEBUG\DESIGN.OBJ
C:\USERS\ARTUR\DROPBOX\JUST4STUDY\GAM671_ASSIGNMENT1\OTHELLO\FWK4GPS 2012\DEBUG\DIALOG.RES
C:\USERS\ARTUR\DROPBOX\JUST4STUDY\GAM671_ASSIGNMENT1\OTHELLO\FWK4GPS 2012\DEBUG\ENTRY.OBJ
C:\USERS\ARTUR\DROPBOX\JUST4STUDY\GAM671_ASSIGNMENT1\OTHELLO\FWK4GPS 2012\DEBUG\FRAME.OBJ
C:\USERS\ARTUR\DROPBOX\JUST4STUDY\GAM671_ASSIGNMENT1\OTHELLO\FWK4GPS 2012\DEBUG\GRAPHIC.OBJ
C:\USERS\ARTUR\DROPBOX\JUST4STUDY\GAM671_ASSIGNMENT1\OTHELLO\FWK4GPS 2012\DEBUG\HUD.OBJ
C:\USERS\ARTUR\DROPBOX\JUST4STUDY\GAM671_ASSIGNMENT1\OTHELLO\FWK4GPS 2012\DEBUG\LIGHT.OBJ
C:\Users\Artur\Dropbox\just4study\GAM671_assignment1\othello\fwk4gps 2012\Debug\link.command.1.tlog
C:\Users\Artur\Dropbox\just4study\GAM671_assignment1\othello\fwk4gps 2012\Debug\link.read.1.tlog
C:\Users\Artur\Dropbox\just4study\GAM671_assignment1\othello\fwk4gps 2012\Debug\link.write.1.tlog
C:\Users\Artur\Dropbox\just4study\GAM671_assignment1\othello\fwk4gps 2012\Debug\link-cvtres.read.1.tlog
C:\Users\Artur\Dropbox\just4study\GAM671_assignment1\othello\fwk4gps 2012\Debug\link-cvtres.write.1.tlog
C:\Users\Artur\Dropbox\just4study\GAM671_assignment1\othello\fwk4gps 2012\Debug\mt.command.1.tlog
C:\Users\Artur\Dropbox\just4study\GAM671_assignment1\othello\fwk4gps 2012\Debug\mt.read.1.tlog
C:\Users\Artur\Dropbox\just4study\GAM671_assignment1\othello\fwk4gps 2012\Debug\mt.write.1.tlog
C:\USERS\ARTUR\DROPBOX\JUST4STUDY\GAM671_ASSIGNMENT1\OTHELLO\FWK4GPS 2012\DEBUG\OBJECT.OBJ
C:\USERS\ARTUR\DROPBOX\JUST4STUDY\GAM671_ASSIGNMENT1\OTHELLO\FWK4GPS 2012\DEBUG\OTHELLO.EXE.EMBED.MANIFEST
C:\USERS\ARTUR\DROPBOX\JUST4STUDY\GAM671_ASSIGNMENT1\OTHELLO\FWK4GPS 2012\DEBUG\OTHELLO.EXE.EMBED.MANIFEST.RES
C:\USERS\ARTUR\DROPBOX\JUST4STUDY\GAM671_ASSIGNMENT1\OTHELLO\FWK4GPS 2012\DEBUG\OTHELLO.EXE.INTERMEDIATE.MANIFEST
C:\USERS\ARTUR\DROPBOX\JUST4STUDY\GAM671_ASSIGNMENT1\OTHELLO\FWK4GPS 2012\DEBUG\OTHELLO.OBJ
C:\Users\Artur\Dropbox\just4study\GAM671_assignment1\othello\fwk4gps 2012\Debug\Othello_manifest.rc
C:\USERS\ARTUR\DROPBOX\JUST4STUDY\GAM671_ASSIGNMENT1\OTHELLO\FWK4GPS 2012\DEBUG\OTHELLOUTILS.OBJ
C:\USERS\ARTUR\DROPBOX\JUST4STUDY\GAM671_ASSIGNMENT1\OTHELLO\FWK4GPS 2012\DEBUG\P1.OBJ
C:\USERS\ARTUR\DROPBOX\JUST4STUDY\GAM671_ASSIGNMENT1\OTHELLO\FWK4GPS 2012\DEBUG\P2.OBJ
C:\Users\Artur\Dropbox\just4study\GAM671_assignment1\othello\fwk4gps 2012\Debug\rc.command.1.tlog
C:\Users\Artur\Dropbox\just4study\GAM671_assignment1\othello\fwk4gps 2012\Debug\rc.read.1.tlog
C:\Users\Artur\Dropbox\just4study\GAM671_assignment1\othello\fwk4gps 2012\Debug\rc.write.1.tlog
C:\USERS\ARTUR\DROPBOX\JUST4STUDY\GAM671_ASSIGNMENT1\OTHELLO\FWK4GPS 2012\DEBUG\SOUND.OBJ
C:\USERS\ARTUR\DROPBOX\JUST4STUDY\GAM671_ASSIGNMENT1\OTHELLO\FWK4GPS 2012\DEBUG\TEXT.OBJ
C:\USERS\ARTUR\DROPBOX\JUST4STUDY\GAM671_ASSIGNMENT1\OTHELLO\FWK4GPS 2012\DEBUG\TEXTURE.OBJ
C:\USERS\ARTUR\DROPBOX\JUST4STUDY\GAM671_ASSIGNMENT1\OTHELLO\FWK4GPS 2012\DEBUG\UTILITIES.OBJ
C:\Users\Artur\Dropbox\just4study\GAM671_assignment1\othello\fwk4gps 2012\Debug\vc100.idb
C:\USERS\ARTUR\DROPBOX\JUST4STUDY\GAM671_ASSIGNMENT1\OTHELLO\FWK4GPS 2012\DEBUG\VC100.PDB
